Command line:
   rom_mod_isim_beh.exe
     -simmode  gui
     -simrunnum  0
     -socket  63728

Sat May 05 12:31:03 2018


 Elaboration Time: 0.046801 sec

 Current Memory Usage: 512.84 Meg

 Total Signals          : 6
 Total Nets             : 59
 Total Signal Drivers   : 5
 Total Blocks           : 3
 Total Primitive Blocks : 3
 Total Processes        : 5
 Total Traceable Variables  : 14
 Total Scalar Nets and Variables : 4638
Total Line Count : 5

 Total Simulation Time: 0.046801 sec

 Current Memory Usage: 512.84 Meg

Sat May 05 12:31:15 2018

