Release 13.4 - xst O.87xd (nt64)
Copyright (c) 1995-2011 Xilinx, Inc.  All rights reserved.
--> Parameter TMPDIR set to xst/projnav.tmp


Total REAL time to Xst completion: 1.00 secs
Total CPU time to Xst completion: 0.60 secs
 
--> Parameter xsthdpdir set to xst


Total REAL time to Xst completion: 1.00 secs
Total CPU time to Xst completion: 0.60 secs
 
--> Reading design: alu.prj

TABLE OF CONTENTS
  1) Synthesis Options Summary
  2) HDL Compilation
  3) Design Hierarchy Analysis
  4) HDL Analysis
  5) HDL Synthesis
     5.1) HDL Synthesis Report
  6) Advanced HDL Synthesis
     6.1) Advanced HDL Synthesis Report
  7) Low Level Synthesis
  8) Partition Report
  9) Final Report
	9.1) Device utilization summary
	9.2) Partition Resource Summary
	9.3) TIMING REPORT


=========================================================================
*                      Synthesis Options Summary                        *
=========================================================================
---- Source Parameters
Input File Name                    : "alu.prj"
Input Format                       : mixed
Ignore Synthesis Constraint File   : NO

---- Target Parameters
Output File Name                   : "alu"
Output Format                      : NGC
Target Device                      : xc3s700a-4-fg484

---- Source Options
Top Module Name                    : alu
Automatic FSM Extraction           : YES
FSM Encoding Algorithm             : Auto
Safe Implementation                : No
FSM Style                          : LUT
RAM Extraction                     : Yes
RAM Style                          : Auto
ROM Extraction                     : Yes
Mux Style                          : Auto
Decoder Extraction                 : YES
Priority Encoder Extraction        : Yes
Shift Register Extraction          : YES
Logical Shifter Extraction         : YES
XOR Collapsing                     : YES
ROM Style                          : Auto
Mux Extraction                     : Yes
Resource Sharing                   : YES
Asynchronous To Synchronous        : NO
Multiplier Style                   : Auto
Automatic Register Balancing       : No

---- Target Options
Add IO Buffers                     : YES
Global Maximum Fanout              : 500
Add Generic Clock Buffer(BUFG)     : 24
Register Duplication               : YES
Slice Packing                      : YES
Optimize Instantiated Primitives   : NO
Use Clock Enable                   : Yes
Use Synchronous Set                : Yes
Use Synchronous Reset              : Yes
Pack IO Registers into IOBs        : Auto
Equivalent register Removal        : YES

---- General Options
Optimization Goal                  : Speed
Optimization Effort                : 1
Keep Hierarchy                     : No
Netlist Hierarchy                  : As_Optimized
RTL Output                         : Yes
Global Optimization                : AllClockNets
Read Cores                         : YES
Write Timing Constraints           : NO
Cross Clock Analysis               : NO
Hierarchy Separator                : /
Bus Delimiter                      : <>
Case Specifier                     : Maintain
Slice Utilization Ratio            : 100
BRAM Utilization Ratio             : 100
Verilog 2001                       : YES
Auto BRAM Packing                  : NO
Slice Utilization Ratio Delta      : 5

=========================================================================


=========================================================================
*                          HDL Compilation                              *
=========================================================================
Compiling vhdl file "C:/Users/brj3mx/Desktop/Procesador 4 bits/ARM_Cortex_32_Bits/sub.vhd" in Library work.
Architecture behavioral of Entity sub is up to date.
Compiling vhdl file "C:/Users/brj3mx/Desktop/Procesador 4 bits/ARM_Cortex_32_Bits/sub_deco.vhd" in Library work.
Architecture behavioral of Entity sub_deco is up to date.
Compiling vhdl file "C:/Users/brj3mx/Desktop/Procesador 4 bits/ARM_Cortex_32_Bits/ARITH_PLUS.vhd" in Library work.
Architecture arith_plus of Entity arith_plus is up to date.
Compiling vhdl file "C:/Users/brj3mx/Desktop/Procesador 4 bits/ARM_Cortex_32_Bits/and_8.vhd" in Library work.
Architecture behavioral of Entity and_8 is up to date.
Compiling vhdl file "C:/Users/brj3mx/Desktop/Procesador 4 bits/ARM_Cortex_32_Bits/or_8.vhd" in Library work.
Architecture behavioral of Entity or_8 is up to date.
Compiling vhdl file "C:/Users/brj3mx/Desktop/Procesador 4 bits/ARM_Cortex_32_Bits/xor_8.vhd" in Library work.
Architecture behavioral of Entity xor_8 is up to date.
Compiling vhdl file "C:/Users/brj3mx/Desktop/Procesador 4 bits/ARM_Cortex_32_Bits/not_8.vhd" in Library work.
Architecture behavioral of Entity not_8 is up to date.
Compiling vhdl file "C:/Users/brj3mx/Desktop/Procesador 4 bits/ARM_Cortex_32_Bits/SUM.vhd" in Library work.
Architecture behavioral of Entity sum is up to date.
Compiling vhdl file "C:/Users/brj3mx/Desktop/Procesador 4 bits/ARM_Cortex_32_Bits/shift_l.vhd" in Library work.
Architecture behavioral of Entity shift_l is up to date.
Compiling vhdl file "C:/Users/brj3mx/Desktop/Procesador 4 bits/ARM_Cortex_32_Bits/shift_r.vhd" in Library work.
Architecture behavioral of Entity shift_r is up to date.
Compiling vhdl file "C:/Users/brj3mx/Desktop/Procesador 4 bits/ARM_Cortex_32_Bits/swap.vhd" in Library work.
Architecture behavioral of Entity swap is up to date.
Compiling vhdl file "C:/Users/brj3mx/Desktop/Procesador 4 bits/ARM_Cortex_32_Bits/MUL_DIV.vhd" in Library work.
Architecture behavioral of Entity mul is up to date.
Compiling vhdl file "C:/Users/brj3mx/Desktop/Procesador 4 bits/ARM_Cortex_32_Bits/DIV.vhd" in Library work.
Architecture behavioral of Entity div is up to date.
Compiling vhdl file "C:/Users/brj3mx/Desktop/Procesador 4 bits/ARM_Cortex_32_Bits/restador.vhd" in Library work.
Architecture behavioral of Entity restador is up to date.
Compiling vhdl file "C:/Users/brj3mx/Desktop/Procesador 4 bits/ARM_Cortex_32_Bits/alu.vhd" in Library work.
Architecture behavioral of Entity alu is up to date.

=========================================================================
*                     Design Hierarchy Analysis                         *
=========================================================================
Analyzing hierarchy for entity <alu> in library <work> (architecture <behavioral>).

Analyzing hierarchy for entity <and_8> in library <work> (architecture <behavioral>).

Analyzing hierarchy for entity <or_8> in library <work> (architecture <behavioral>).

Analyzing hierarchy for entity <xor_8> in library <work> (architecture <behavioral>).

Analyzing hierarchy for entity <not_8> in library <work> (architecture <behavioral>).

Analyzing hierarchy for entity <SUM> in library <work> (architecture <behavioral>).

Analyzing hierarchy for entity <shift_l> in library <work> (architecture <behavioral>).

Analyzing hierarchy for entity <shift_r> in library <work> (architecture <behavioral>).

Analyzing hierarchy for entity <swap> in library <work> (architecture <behavioral>).

Analyzing hierarchy for entity <MUL> in library <work> (architecture <behavioral>).

Analyzing hierarchy for entity <DIV> in library <work> (architecture <behavioral>).

Analyzing hierarchy for entity <restador> in library <work> (architecture <behavioral>).

Analyzing hierarchy for entity <sub> in library <work> (architecture <behavioral>).

Analyzing hierarchy for entity <sub_deco> in library <work> (architecture <behavioral>).


=========================================================================
*                            HDL Analysis                               *
=========================================================================
Analyzing Entity <alu> in library <work> (Architecture <behavioral>).
Entity <alu> analyzed. Unit <alu> generated.

Analyzing Entity <and_8> in library <work> (Architecture <behavioral>).
Entity <and_8> analyzed. Unit <and_8> generated.

Analyzing Entity <or_8> in library <work> (Architecture <behavioral>).
Entity <or_8> analyzed. Unit <or_8> generated.

Analyzing Entity <xor_8> in library <work> (Architecture <behavioral>).
Entity <xor_8> analyzed. Unit <xor_8> generated.

Analyzing Entity <not_8> in library <work> (Architecture <behavioral>).
Entity <not_8> analyzed. Unit <not_8> generated.

Analyzing Entity <SUM> in library <work> (Architecture <behavioral>).
Entity <SUM> analyzed. Unit <SUM> generated.

Analyzing Entity <shift_l> in library <work> (Architecture <behavioral>).
Entity <shift_l> analyzed. Unit <shift_l> generated.

Analyzing Entity <shift_r> in library <work> (Architecture <behavioral>).
Entity <shift_r> analyzed. Unit <shift_r> generated.

Analyzing Entity <swap> in library <work> (Architecture <behavioral>).
Entity <swap> analyzed. Unit <swap> generated.

Analyzing Entity <MUL> in library <work> (Architecture <behavioral>).
Entity <MUL> analyzed. Unit <MUL> generated.

Analyzing Entity <DIV> in library <work> (Architecture <behavioral>).
Entity <DIV> analyzed. Unit <DIV> generated.

Analyzing Entity <restador> in library <work> (Architecture <behavioral>).
Entity <restador> analyzed. Unit <restador> generated.

Analyzing Entity <sub> in library <work> (Architecture <behavioral>).
Entity <sub> analyzed. Unit <sub> generated.

Analyzing Entity <sub_deco> in library <work> (Architecture <behavioral>).
WARNING:Xst:819 - "C:/Users/brj3mx/Desktop/Procesador 4 bits/ARM_Cortex_32_Bits/sub_deco.vhd" line 49: One or more signals are missing in the process sensitivity list. To enable synthesis of FPGA/CPLD hardware, XST will assume that all necessary signals are present in the sensitivity list. Please note that the result of the synthesis may differ from the initial design specification. The missing signals are:
   <c>, <in_deco>
Entity <sub_deco> analyzed. Unit <sub_deco> generated.


=========================================================================
*                           HDL Synthesis                               *
=========================================================================

Performing bidirectional port resolution...

Synthesizing Unit <and_8>.
    Related source file is "C:/Users/brj3mx/Desktop/Procesador 4 bits/ARM_Cortex_32_Bits/and_8.vhd".
Unit <and_8> synthesized.


Synthesizing Unit <or_8>.
    Related source file is "C:/Users/brj3mx/Desktop/Procesador 4 bits/ARM_Cortex_32_Bits/or_8.vhd".
Unit <or_8> synthesized.


Synthesizing Unit <xor_8>.
    Related source file is "C:/Users/brj3mx/Desktop/Procesador 4 bits/ARM_Cortex_32_Bits/xor_8.vhd".
    Found 8-bit xor2 for signal <out_q>.
Unit <xor_8> synthesized.


Synthesizing Unit <not_8>.
    Related source file is "C:/Users/brj3mx/Desktop/Procesador 4 bits/ARM_Cortex_32_Bits/not_8.vhd".
Unit <not_8> synthesized.


Synthesizing Unit <SUM>.
    Related source file is "C:/Users/brj3mx/Desktop/Procesador 4 bits/ARM_Cortex_32_Bits/SUM.vhd".
    Found 9-bit adder for signal <q1>.
    Found 9-bit adder for signal <q1$addsub0000> created at line 55.
    Summary:
	inferred   2 Adder/Subtractor(s).
Unit <SUM> synthesized.


Synthesizing Unit <shift_l>.
    Related source file is "C:/Users/brj3mx/Desktop/Procesador 4 bits/ARM_Cortex_32_Bits/shift_l.vhd".
Unit <shift_l> synthesized.


Synthesizing Unit <shift_r>.
    Related source file is "C:/Users/brj3mx/Desktop/Procesador 4 bits/ARM_Cortex_32_Bits/shift_r.vhd".
Unit <shift_r> synthesized.


Synthesizing Unit <swap>.
    Related source file is "C:/Users/brj3mx/Desktop/Procesador 4 bits/ARM_Cortex_32_Bits/swap.vhd".
Unit <swap> synthesized.


Synthesizing Unit <MUL>.
    Related source file is "C:/Users/brj3mx/Desktop/Procesador 4 bits/ARM_Cortex_32_Bits/MUL_DIV.vhd".
    Found 4x4-bit multiplier for signal <Q1>.
    Summary:
	inferred   1 Multiplier(s).
Unit <MUL> synthesized.


Synthesizing Unit <DIV>.
    Related source file is "C:/Users/brj3mx/Desktop/Procesador 4 bits/ARM_Cortex_32_Bits/DIV.vhd".
    Found 5-bit adder for signal <p1$addsub0000> created at line 38.
    Found 5-bit adder for signal <p1$addsub0001> created at line 38.
    Found 5-bit adder for signal <p1$addsub0002> created at line 38.
    Found 5-bit subtractor for signal <p1$sub0000> created at line 35.
    Found 5-bit subtractor for signal <p1$sub0001> created at line 35.
    Found 5-bit subtractor for signal <p1$sub0002> created at line 35.
    Found 5-bit subtractor for signal <p1$sub0003> created at line 35.
    Found 4-bit comparator less for signal <Q1_0$cmp_lt0000> created at line 61.
    Summary:
	inferred   7 Adder/Subtractor(s).
	inferred   1 Comparator(s).
Unit <DIV> synthesized.


Synthesizing Unit <sub>.
    Related source file is "C:/Users/brj3mx/Desktop/Procesador 4 bits/ARM_Cortex_32_Bits/sub.vhd".
    Found 9-bit adder for signal <q1>.
    Summary:
	inferred   1 Adder/Subtractor(s).
Unit <sub> synthesized.


Synthesizing Unit <sub_deco>.
    Related source file is "C:/Users/brj3mx/Desktop/Procesador 4 bits/ARM_Cortex_32_Bits/sub_deco.vhd".
WARNING:Xst:653 - Signal <c> is used but never assigned. This sourceless signal will be automatically connected to value 00000001.
    Found 8-bit adder for signal <q$addsub0000> created at line 53.
    Summary:
	inferred   1 Adder/Subtractor(s).
Unit <sub_deco> synthesized.


Synthesizing Unit <restador>.
    Related source file is "C:/Users/brj3mx/Desktop/Procesador 4 bits/ARM_Cortex_32_Bits/restador.vhd".
Unit <restador> synthesized.


Synthesizing Unit <alu>.
    Related source file is "C:/Users/brj3mx/Desktop/Procesador 4 bits/ARM_Cortex_32_Bits/alu.vhd".
WARNING:Xst:647 - Input <spw_in<4:3>> is never used. This port will be preserved and left unconnected if it belongs to a top-level block or it belongs to a sub-block and the hierarchy of this sub-block is preserved.
WARNING:Xst:647 - Input <spw_in<1:0>> is never used. This port will be preserved and left unconnected if it belongs to a top-level block or it belongs to a sub-block and the hierarchy of this sub-block is preserved.
WARNING:Xst:737 - Found 1-bit latch for signal <out_c>. Latches may be generated from incomplete case or if statements. We do not recommend the use of latches in FPGA/CPLD designs, as they may lead to timing problems.
INFO:Xst:2371 - HDL ADVISOR - Logic functions respectively driving the data and gate enable inputs of this latch share common terms. This situation will potentially lead to setup/hold violations and, as a result, to simulation problems. This situation may come from an incomplete case statement (all selector values are not covered). You should carefully review if it was in your intentions to describe such a latch.
Unit <alu> synthesized.


=========================================================================
HDL Synthesis Report

Macro Statistics
# Multipliers                                          : 1
 4x4-bit multiplier                                    : 1
# Adders/Subtractors                                   : 11
 5-bit adder                                           : 3
 5-bit subtractor                                      : 4
 8-bit adder                                           : 1
 9-bit adder                                           : 3
# Latches                                              : 1
 1-bit latch                                           : 1
# Comparators                                          : 1
 4-bit comparator less                                 : 1
# Xors                                                 : 1
 8-bit xor2                                            : 1

=========================================================================

=========================================================================
*                       Advanced HDL Synthesis                          *
=========================================================================


=========================================================================
Advanced HDL Synthesis Report

Macro Statistics
# Multipliers                                          : 1
 4x4-bit multiplier                                    : 1
# Adders/Subtractors                                   : 10
 3-bit adder                                           : 1
 4-bit subtractor                                      : 2
 5-bit adder                                           : 2
 5-bit subtractor                                      : 2
 8-bit adder                                           : 1
 9-bit adder                                           : 1
 9-bit adder carry in                                  : 1
# Latches                                              : 1
 1-bit latch                                           : 1
# Comparators                                          : 1
 4-bit comparator less                                 : 1
# Xors                                                 : 1
 8-bit xor2                                            : 1

=========================================================================

=========================================================================
*                         Low Level Synthesis                           *
=========================================================================

Optimizing unit <alu> ...

Optimizing unit <sub> ...

Optimizing unit <sub_deco> ...

Mapping all equations...
Building and optimizing final netlist ...
Found area constraint ratio of 100 (+ 5) on block alu, actual ratio is 1.

Final Macro Processing ...

=========================================================================
Final Register Report

Found no macro
=========================================================================

=========================================================================
*                           Partition Report                            *
=========================================================================

Partition Implementation Status
-------------------------------

  No Partitions were found in this design.

-------------------------------

=========================================================================
*                            Final Report                               *
=========================================================================
Final Results
RTL Top Level Output File Name     : alu.ngr
Top Level Output File Name         : alu
Output Format                      : NGC
Optimization Goal                  : Speed
Keep Hierarchy                     : No

Design Statistics
# IOs                              : 62

Cell Usage :
# BELS                             : 213
#      GND                         : 1
#      LUT1                        : 1
#      LUT2                        : 28
#      LUT3                        : 24
#      LUT4                        : 103
#      MUXCY                       : 23
#      MUXF5                       : 5
#      VCC                         : 1
#      XORCY                       : 27
# FlipFlops/Latches                : 1
#      LD                          : 1
# IO Buffers                       : 58
#      IBUF                        : 21
#      OBUF                        : 37
# MULTs                            : 1
#      MULT18X18SIO                : 1
=========================================================================

Device utilization summary:
---------------------------

Selected Device : 3s700afg484-4 

 Number of Slices:                       91  out of   5888     1%  
 Number of 4 input LUTs:                156  out of  11776     1%  
 Number of IOs:                          62
 Number of bonded IOBs:                  58  out of    372    15%  
    IOB Flip Flops:                       1
 Number of MULT18X18SIOs:                 1  out of     20     5%  

---------------------------
Partition Resource Summary:
---------------------------

  No Partitions were found in this design.

---------------------------


=========================================================================
TIMING REPORT

NOTE: THESE TIMING NUMBERS ARE ONLY A SYNTHESIS ESTIMATE.
      FOR ACCURATE TIMING INFORMATION PLEASE REFER TO THE TRACE REPORT
      GENERATED AFTER PLACE-and-ROUTE.

Clock Information:
------------------
-----------------------------------+------------------------+-------+
Clock Signal                       | Clock buffer(FF name)  | Load  |
-----------------------------------+------------------------+-------+
out_c_not0001(out_c_not00011:O)    | NONE(*)(out_c)         | 1     |
-----------------------------------+------------------------+-------+
(*) This 1 clock signal(s) are generated by combinatorial logic,
and XST is not able to identify which are the primary clock signals.
Please use the CLOCK_SIGNAL constraint to specify the clock signal(s) generated by combinatorial logic.
INFO:Xst:2169 - HDL ADVISOR - Some clock signals were not automatically buffered by XST with BUFG/BUFR resources. Please use the buffer_type constraint in order to insert these buffers to the clock signals to help prevent skew problems.

Asynchronous Control Signals Information:
----------------------------------------
No asynchronous control signals found in this design

Timing Summary:
---------------
Speed Grade: -4

   Minimum period: No path found
   Minimum input arrival time before clock: 6.457ns
   Maximum output required time after clock: 5.668ns
   Maximum combinational path delay: 21.439ns

Timing Detail:
--------------
All values displayed in nanoseconds (ns)

=========================================================================
Timing constraint: Default OFFSET IN BEFORE for Clock 'out_c_not0001'
  Total number of paths / destination ports: 33 / 1
-------------------------------------------------------------------------
Offset:              6.457ns (Levels of Logic = 12)
  Source:            B_F<0> (PAD)
  Destination:       out_c (LATCH)
  Destination Clock: out_c_not0001 falling

  Data Path: B_F<0> to out_c
                                Gate     Net
    Cell:in->out      fanout   Delay   Delay  Logical Name (Net Name)
    ----------------------------------------  ------------
     IBUF:I->O            21   0.849   1.208  B_F_0_IBUF (B_F_0_IBUF)
     LUT2:I1->O            1   0.643   0.000  G5/Madd_q1_Madd_lut<0> (G5/Madd_q1_Madd_lut<0>)
     MUXCY:S->O            1   0.632   0.000  G5/Madd_q1_Madd_cy<0> (G5/Madd_q1_Madd_cy<0>)
     MUXCY:CI->O           1   0.065   0.000  G5/Madd_q1_Madd_cy<1> (G5/Madd_q1_Madd_cy<1>)
     MUXCY:CI->O           1   0.065   0.000  G5/Madd_q1_Madd_cy<2> (G5/Madd_q1_Madd_cy<2>)
     MUXCY:CI->O           1   0.065   0.000  G5/Madd_q1_Madd_cy<3> (G5/Madd_q1_Madd_cy<3>)
     MUXCY:CI->O           1   0.065   0.000  G5/Madd_q1_Madd_cy<4> (G5/Madd_q1_Madd_cy<4>)
     MUXCY:CI->O           1   0.065   0.000  G5/Madd_q1_Madd_cy<5> (G5/Madd_q1_Madd_cy<5>)
     MUXCY:CI->O           1   0.065   0.000  G5/Madd_q1_Madd_cy<6> (G5/Madd_q1_Madd_cy<6>)
     MUXCY:CI->O           1   0.269   0.500  G5/Madd_q1_Madd_cy<7> (G5/Madd_q1_Madd_cy<7>)
     LUT4:I1->O            1   0.643   0.423  out_c_mux000034_SW0 (N14)
     LUT4:I3->O            1   0.648   0.000  out_c_mux000034 (out_c_mux0000)
     LD:D                      0.252          out_c
    ----------------------------------------
    Total                      6.457ns (4.326ns logic, 2.131ns route)
                                       (67.0% logic, 33.0% route)

=========================================================================
Timing constraint: Default OFFSET OUT AFTER for Clock 'out_c_not0001'
  Total number of paths / destination ports: 1 / 1
-------------------------------------------------------------------------
Offset:              5.668ns (Levels of Logic = 1)
  Source:            out_c (LATCH)
  Destination:       spw_out<2> (PAD)
  Source Clock:      out_c_not0001 falling

  Data Path: out_c to spw_out<2>
                                Gate     Net
    Cell:in->out      fanout   Delay   Delay  Logical Name (Net Name)
    ----------------------------------------  ------------
     LD:G->Q               1   0.728   0.420  out_c (out_c)
     OBUF:I->O                 4.520          spw_out_2_OBUF (spw_out<2>)
    ----------------------------------------
    Total                      5.668ns (5.248ns logic, 0.420ns route)
                                       (92.6% logic, 7.4% route)

=========================================================================
Timing constraint: Default path analysis
  Total number of paths / destination ports: 6991 / 12
-------------------------------------------------------------------------
Delay:               21.439ns (Levels of Logic = 16)
  Source:            B_F<1> (PAD)
  Destination:       spw_out<4> (PAD)

  Data Path: B_F<1> to spw_out<4>
                                Gate     Net
    Cell:in->out      fanout   Delay   Delay  Logical Name (Net Name)
    ----------------------------------------  ------------
     IBUF:I->O            19   0.849   1.228  B_F_1_IBUF (B_F_1_IBUF)
     LUT3:I0->O            2   0.648   0.479  G10/Msub_p1_sub0000_cy<1>11 (G10/Msub_p1_sub0000_cy<1>)
     LUT3:I2->O            5   0.648   0.776  G10/Msub_p1_sub0000_xor<3>11 (G10/p1_sub0000<3>)
     LUT4:I0->O            0   0.648   0.000  G10/p1_mux0000<0>1 (G10/p1_mux0000<0>)
     MUXCY:DI->O           1   0.787   0.000  G10/Msub_p1_sub0001_cy<1> (G10/Msub_p1_sub0001_cy<1>)
     MUXCY:CI->O           0   0.065   0.000  G10/Msub_p1_sub0001_cy<2> (G10/Msub_p1_sub0001_cy<2>)
     XORCY:CI->O           4   0.844   0.730  G10/Msub_p1_sub0001_xor<3> (G10/p1_sub0001<3>)
     LUT3:I0->O            2   0.648   0.527  G10/p1_mux0001<0>1 (G10/p1_mux0001<0>)
     LUT4:I1->O            2   0.643   0.479  G10/Msub_p1_sub0002_Madd_cy<1>11 (G10/Msub_p1_sub0002_Madd_cy<1>)
     LUT4:I2->O            1   0.648   0.452  G10/Msub_p1_sub0002_Madd_xor<3>11_SW0 (N40)
     LUT4:I2->O            4   0.648   0.587  G10/Msub_p1_sub0002_Madd_xor<3>11 (G10/p1_sub0002<3>)
     MUXF5:S->O            1   0.756   0.563  G10/Msub_p1_sub0003_Madd_cy<2>1_SW0_f5 (N2)
     LUT4:I0->O            1   0.648   0.452  out_q<0>145_SW0 (N44)
     LUT4:I2->O            2   0.648   0.450  out_q<0>145 (q_0_OBUF)
     LUT4:I3->O            1   0.648   0.420  zero_cmp_eq000046 (spw_out_4_OBUF)
     OBUF:I->O                 4.520          spw_out_4_OBUF (spw_out<4>)
    ----------------------------------------
    Total                     21.439ns (14.296ns logic, 7.143ns route)
                                       (66.7% logic, 33.3% route)

=========================================================================


Total REAL time to Xst completion: 7.00 secs
Total CPU time to Xst completion: 6.60 secs
 
--> 

Total memory usage is 289940 kilobytes

Number of errors   :    0 (   0 filtered)
Number of warnings :    5 (   0 filtered)
Number of infos    :    2 (   0 filtered)

