Command line:
   Procesador_32_bits_isim_beh.exe
     -simmode  gui
     -simrunnum  0
     -socket  50231

Sun May 06 09:54:33 2018


 Elaboration Time: 0.0936 sec

 Current Memory Usage: 512.967 Meg

 Total Signals          : 415
 Total Nets             : 2262
 Total Signal Drivers   : 133
 Total Blocks           : 53
 Total Primitive Blocks : 46
 Total Processes        : 102
 Total Traceable Variables  : 14
 Total Scalar Nets and Variables : 6841
Total Line Count : 596

 Total Simulation Time: 0.249601 sec

 Current Memory Usage: 512.967 Meg

Sun May 06 09:54:53 2018

