Command line:
   Procesador_Final_TB_isim_beh.exe
     -simmode  gui
     -simrunnum  0
     -socket  62118

Sat May 05 12:43:38 2018


 Elaboration Time: 0.078 sec

 Current Memory Usage: 512.967 Meg

 Total Signals          : 420
 Total Nets             : 2252
 Total Signal Drivers   : 134
 Total Blocks           : 54
 Total Primitive Blocks : 46
 Total Processes        : 104
 Total Traceable Variables  : 15
 Total Scalar Nets and Variables : 6832
Total Line Count : 605

 Total Simulation Time: 0.187201 sec

 Current Memory Usage: 514.015 Meg

Sat May 05 12:44:39 2018

